Arguments: 
  /home/majidev/.nvm/versions/node/v12.14.1/bin/node /usr/share/yarn/bin/yarn.js add picache

PATH: 
  /home/majidev/.nvm/versions/node/v12.14.1/bin:/usr/local/sbin:/usr/local/bin:/usr/sbin:/usr/bin:/sbin:/bin:/usr/games:/usr/local/games

Yarn version: 
  1.22.1

Node version: 
  12.14.1

Platform: 
  linux x64

Trace: 
  Error: EACCES: permission denied, mkdir '/home/majidev/Documentos/dev/alabanzaband/node_modules/expo/node_modules/babel-preset-expo'

npm manifest: 
  {
    "main": "node_modules/expo/AppEntry.js",
    "scripts": {
      "start": "expo start",
      "android": "expo start --android",
      "ios": "expo start --ios",
      "web": "expo start --web",
      "eject": "expo eject",
      "react-devtools": "react-devtools",
      "reload": "adb shell input keyevent 82 && adb shell input keyevent 66 && adb shell input keyevent 66",
      "devmenu": "adb shell input keyevent 82",
      "debug": "adb shell input keyevent 82 && adb shell input keyevent 61 && adb shell input keyevent 66 && adb shell input keyevent 66"
    },
    "dependencies": {
      "@expo/vector-icons": "^10.0.6",
      "@react-navigation/native": "^5.0.7",
      "@shoutem/theme": "^0.11.5",
      "braces": "^3.0.2",
      "buffer": "^5.4.3",
      "expo": "^36.0.0",
      "expo-asset": "^8.1.2",
      "expo-facebook": "~8.0.0",
      "expo-font": "^8.0.0",
      "expo-image-picker": "^8.0.2",
      "expo-sqlite": "^8.0.0",
      "firebase": "^7.1.0",
      "lodash.range": "^3.2.0",
      "md5": "^2.2.1",
      "mem": "^6.0.1",
      "native-base": "^2.13.8",
      "pouchdb-react-native": "^6.4.1",
      "react": "16.9.0",
      "react-dom": "16.9.0",
      "react-native": "^0.61.0",
      "react-native-alphabet-sectionlist": "0.0.4",
      "react-native-calendars": "^1.264.0",
      "react-native-country-code-list": "^1.1.2",
      "react-native-country-picker-modal": "^1.10.0",
      "react-native-datepicker": "^1.7.2",
      "react-native-fbsdk": "^1.1.1",
      "react-native-gesture-handler": "~1.5.0",
      "react-native-material-menu": "^1.0.0",
      "react-native-option-select": "^1.0.4",
      "react-native-push-notification": "^3.1.9",
      "react-native-reanimated": "~1.4.0",
      "react-native-screens": "2.0.0-alpha.12",
      "react-native-side-drawer": "^1.2.5",
      "react-native-unimodules": "0.7.0",
      "react-native-web": "^0.11.7",
      "react-navigation": "^4.0.10",
      "react-navigation-drawer": "^2.2.2",
      "react-navigation-stack": "^1.10.3",
      "react-navigation-tabs": "^2.7.0",
      "redux": "^4.0.5",
      "styled-components": "^4.4.1",
      "util": "^0.12.1"
    },
    "devDependencies": {
      "babel-preset-expo": "^8.0.0",
      "react-devtools": "^4.4.0"
    },
    "private": true
  }

yarn manifest: 
  No manifest

Lockfile: 
  No lockfile
